<?xml version="1.0" encoding="UTF-8"?>
<!-- Generated by org.testng.reporters.JUnitReportReporter -->
<testsuite skipped="0" hostname="VIMAL" name="com.nopcommerce.demo.AppTest" tests="1" failures="0" timestamp="27 Nov 2021 18:04:35 GMT" time="0.006" errors="0">
  <testcase name="shouldAnswerWithTrue" time="0.006" classname="com.nopcommerce.demo.AppTest"/>
</testsuite> <!-- com.nopcommerce.demo.AppTest -->
